TN:
SF:dist\appsngen.widget.api.insecure.js
FN:1,(anonymous_1)
FN:3,(anonymous_2)
FN:12,(anonymous_3)
FN:15,(anonymous_4)
FN:22,(anonymous_5)
FN:32,(anonymous_6)
FN:47,(anonymous_7)
FN:50,(anonymous_8)
FN:53,(anonymous_9)
FN:56,(anonymous_10)
FN:61,(anonymous_11)
FN:64,(anonymous_12)
FN:71,(anonymous_13)
FN:74,(anonymous_14)
FN:90,(anonymous_15)
FN:110,(anonymous_16)
FN:116,(anonymous_17)
FN:124,(anonymous_18)
FN:173,(anonymous_19)
FN:181,(anonymous_20)
FN:225,(anonymous_21)
FN:244,(anonymous_22)
FN:245,(anonymous_23)
FN:251,(anonymous_24)
FN:261,(anonymous_25)
FN:266,(anonymous_26)
FN:273,(anonymous_27)
FN:275,(anonymous_28)
FN:286,(anonymous_29)
FN:294,(anonymous_30)
FN:302,(anonymous_31)
FN:313,(anonymous_32)
FN:327,(anonymous_33)
FN:330,(anonymous_34)
FN:332,(anonymous_35)
FN:351,(anonymous_36)
FN:356,(anonymous_37)
FN:357,(anonymous_38)
FN:358,(anonymous_39)
FN:365,(anonymous_40)
FN:377,(anonymous_41)
FN:384,(anonymous_42)
FN:393,(anonymous_43)
FN:404,(anonymous_44)
FN:418,(anonymous_45)
FN:429,(anonymous_46)
FN:433,(anonymous_47)
FN:446,(anonymous_48)
FN:452,(anonymous_49)
FN:470,(anonymous_50)
FN:473,(anonymous_51)
FN:499,(anonymous_52)
FN:518,(anonymous_53)
FN:539,(anonymous_54)
FN:549,(anonymous_55)
FN:567,(anonymous_56)
FN:570,(anonymous_57)
FN:571,(anonymous_58)
FN:574,(anonymous_59)
FN:591,(anonymous_60)
FN:611,(anonymous_61)
FN:617,(anonymous_62)
FN:626,(anonymous_63)
FN:646,(anonymous_64)
FN:651,(anonymous_65)
FN:655,(anonymous_66)
FN:664,(anonymous_67)
FN:668,(anonymous_68)
FN:676,(anonymous_69)
FN:696,(anonymous_70)
FN:700,(anonymous_71)
FN:721,(anonymous_72)
FN:723,(anonymous_73)
FN:725,(anonymous_74)
FN:728,(anonymous_75)
FN:756,(anonymous_76)
FN:768,(anonymous_77)
FN:794,(anonymous_78)
FN:803,(anonymous_79)
FN:827,(anonymous_80)
FN:830,(anonymous_81)
FN:835,(anonymous_82)
FN:840,(anonymous_83)
FN:865,(anonymous_84)
FN:882,(anonymous_85)
FN:897,(anonymous_86)
FN:908,(anonymous_87)
FN:913,(anonymous_88)
FN:927,(anonymous_89)
FN:949,(anonymous_90)
FN:960,(anonymous_91)
FN:975,(anonymous_92)
FN:1003,(anonymous_93)
FN:1018,(anonymous_94)
FN:1026,(anonymous_95)
FN:1029,(anonymous_96)
FN:1039,(anonymous_97)
FN:1046,(anonymous_98)
FN:1113,(anonymous_99)
FN:1119,(anonymous_100)
FN:1135,(anonymous_101)
FN:1150,(anonymous_102)
FN:1154,(anonymous_103)
FN:1170,(anonymous_104)
FN:1189,(anonymous_105)
FN:1194,(anonymous_106)
FN:1200,(anonymous_107)
FN:1206,(anonymous_108)
FN:1222,(anonymous_109)
FN:1246,(anonymous_110)
FN:1270,(anonymous_111)
FN:1289,(anonymous_112)
FN:1302,(anonymous_113)
FN:1333,(anonymous_114)
FN:1364,(anonymous_115)
FN:1385,(anonymous_116)
FN:1428,(anonymous_117)
FN:1460,(anonymous_118)
FN:1495,(anonymous_119)
FN:1517,(anonymous_120)
FN:1539,(anonymous_121)
FN:1542,(anonymous_122)
FN:1558,(anonymous_123)
FN:1564,(anonymous_124)
FN:1567,(anonymous_125)
FN:1572,(anonymous_126)
FN:1610,(anonymous_127)
FN:1613,(anonymous_128)
FN:1616,(anonymous_129)
FN:1617,(anonymous_130)
FN:1634,(anonymous_131)
FN:1651,(anonymous_132)
FN:1654,(anonymous_133)
FN:1665,(anonymous_134)
FN:1674,(anonymous_135)
FN:1677,(anonymous_136)
FN:1684,(anonymous_137)
FN:1687,(anonymous_138)
FN:1692,(anonymous_139)
FN:1698,(anonymous_140)
FN:1714,(anonymous_141)
FN:1830,(anonymous_142)
FN:1866,(anonymous_143)
FN:1880,(anonymous_144)
FN:1884,(anonymous_145)
FN:1931,(anonymous_146)
FN:1935,(anonymous_147)
FN:1978,(anonymous_148)
FN:2009,(anonymous_149)
FN:2012,(anonymous_150)
FN:2015,(anonymous_151)
FN:2019,(anonymous_152)
FN:2023,(anonymous_153)
FN:2030,(anonymous_154)
FN:2054,(anonymous_155)
FN:2064,(anonymous_156)
FN:2124,(anonymous_157)
FN:2131,(anonymous_158)
FN:2138,(anonymous_159)
FN:2142,(anonymous_160)
FNF:160
FNH:137
FNDA:1,(anonymous_1)
FNDA:0,(anonymous_2)
FNDA:14,(anonymous_3)
FNDA:1,(anonymous_4)
FNDA:4,(anonymous_5)
FNDA:18,(anonymous_6)
FNDA:0,(anonymous_7)
FNDA:0,(anonymous_8)
FNDA:0,(anonymous_9)
FNDA:0,(anonymous_10)
FNDA:1,(anonymous_11)
FNDA:5,(anonymous_12)
FNDA:25,(anonymous_13)
FNDA:4,(anonymous_14)
FNDA:14,(anonymous_15)
FNDA:1,(anonymous_16)
FNDA:78,(anonymous_17)
FNDA:4,(anonymous_18)
FNDA:11,(anonymous_19)
FNDA:1,(anonymous_20)
FNDA:4,(anonymous_21)
FNDA:1,(anonymous_22)
FNDA:16,(anonymous_23)
FNDA:2,(anonymous_24)
FNDA:1,(anonymous_25)
FNDA:1,(anonymous_26)
FNDA:1,(anonymous_27)
FNDA:1,(anonymous_28)
FNDA:3,(anonymous_29)
FNDA:3,(anonymous_30)
FNDA:3,(anonymous_31)
FNDA:1,(anonymous_32)
FNDA:1,(anonymous_33)
FNDA:1,(anonymous_34)
FNDA:1,(anonymous_35)
FNDA:1,(anonymous_36)
FNDA:11,(anonymous_37)
FNDA:11,(anonymous_38)
FNDA:11,(anonymous_39)
FNDA:8,(anonymous_40)
FNDA:4,(anonymous_41)
FNDA:4,(anonymous_42)
FNDA:5,(anonymous_43)
FNDA:5,(anonymous_44)
FNDA:11,(anonymous_45)
FNDA:8,(anonymous_46)
FNDA:0,(anonymous_47)
FNDA:11,(anonymous_48)
FNDA:8,(anonymous_49)
FNDA:7,(anonymous_50)
FNDA:2,(anonymous_51)
FNDA:7,(anonymous_52)
FNDA:11,(anonymous_53)
FNDA:8,(anonymous_54)
FNDA:0,(anonymous_55)
FNDA:1,(anonymous_56)
FNDA:7,(anonymous_57)
FNDA:7,(anonymous_58)
FNDA:1,(anonymous_59)
FNDA:7,(anonymous_60)
FNDA:7,(anonymous_61)
FNDA:0,(anonymous_62)
FNDA:7,(anonymous_63)
FNDA:0,(anonymous_64)
FNDA:0,(anonymous_65)
FNDA:0,(anonymous_66)
FNDA:2,(anonymous_67)
FNDA:1,(anonymous_68)
FNDA:7,(anonymous_69)
FNDA:1,(anonymous_70)
FNDA:1,(anonymous_71)
FNDA:1,(anonymous_72)
FNDA:2,(anonymous_73)
FNDA:2,(anonymous_74)
FNDA:2,(anonymous_75)
FNDA:2,(anonymous_76)
FNDA:2,(anonymous_77)
FNDA:1,(anonymous_78)
FNDA:1,(anonymous_79)
FNDA:1,(anonymous_80)
FNDA:10,(anonymous_81)
FNDA:10,(anonymous_82)
FNDA:13,(anonymous_83)
FNDA:2,(anonymous_84)
FNDA:2,(anonymous_85)
FNDA:3,(anonymous_86)
FNDA:1,(anonymous_87)
FNDA:0,(anonymous_88)
FNDA:1,(anonymous_89)
FNDA:3,(anonymous_90)
FNDA:2,(anonymous_91)
FNDA:1,(anonymous_92)
FNDA:13,(anonymous_93)
FNDA:0,(anonymous_94)
FNDA:1,(anonymous_95)
FNDA:0,(anonymous_96)
FNDA:1,(anonymous_97)
FNDA:11,(anonymous_98)
FNDA:1,(anonymous_99)
FNDA:1,(anonymous_100)
FNDA:13,(anonymous_101)
FNDA:104,(anonymous_102)
FNDA:1,(anonymous_103)
FNDA:13,(anonymous_104)
FNDA:0,(anonymous_105)
FNDA:0,(anonymous_106)
FNDA:0,(anonymous_107)
FNDA:23,(anonymous_108)
FNDA:26,(anonymous_109)
FNDA:7,(anonymous_110)
FNDA:4,(anonymous_111)
FNDA:5,(anonymous_112)
FNDA:13,(anonymous_113)
FNDA:13,(anonymous_114)
FNDA:7,(anonymous_115)
FNDA:23,(anonymous_116)
FNDA:6,(anonymous_117)
FNDA:3,(anonymous_118)
FNDA:4,(anonymous_119)
FNDA:3,(anonymous_120)
FNDA:1,(anonymous_121)
FNDA:2,(anonymous_122)
FNDA:1,(anonymous_123)
FNDA:1,(anonymous_124)
FNDA:1,(anonymous_125)
FNDA:2,(anonymous_126)
FNDA:1,(anonymous_127)
FNDA:3,(anonymous_128)
FNDA:3,(anonymous_129)
FNDA:3,(anonymous_130)
FNDA:1,(anonymous_131)
FNDA:3,(anonymous_132)
FNDA:3,(anonymous_133)
FNDA:1,(anonymous_134)
FNDA:1,(anonymous_135)
FNDA:1,(anonymous_136)
FNDA:1,(anonymous_137)
FNDA:0,(anonymous_138)
FNDA:0,(anonymous_139)
FNDA:0,(anonymous_140)
FNDA:0,(anonymous_141)
FNDA:0,(anonymous_142)
FNDA:1,(anonymous_143)
FNDA:5,(anonymous_144)
FNDA:4,(anonymous_145)
FNDA:1,(anonymous_146)
FNDA:6,(anonymous_147)
FNDA:3,(anonymous_148)
FNDA:1,(anonymous_149)
FNDA:1,(anonymous_150)
FNDA:1,(anonymous_151)
FNDA:1,(anonymous_152)
FNDA:0,(anonymous_153)
FNDA:3,(anonymous_154)
FNDA:1,(anonymous_155)
FNDA:3,(anonymous_156)
FNDA:1,(anonymous_157)
FNDA:5,(anonymous_158)
FNDA:1,(anonymous_159)
FNDA:1,(anonymous_160)
DA:1,1
DA:3,1
DA:9,1
DA:13,14
DA:16,1
DA:18,1
DA:19,2
DA:24,4
DA:26,4
DA:27,0
DA:30,4
DA:33,18
DA:35,18
DA:36,46
DA:38,18
DA:48,0
DA:51,0
DA:54,0
DA:57,0
DA:62,1
DA:65,5
DA:66,4
DA:68,1
DA:72,25
DA:75,4
DA:77,4
DA:78,11
DA:79,11
DA:80,2
DA:82,9
DA:86,4
DA:88,4
DA:91,14
DA:92,14
DA:94,14
DA:95,4
DA:96,4
DA:99,14
DA:100,3
DA:102,3
DA:103,3
DA:107,14
DA:112,1
DA:114,1
DA:116,1
DA:117,78
DA:118,78
DA:119,1
DA:121,77
DA:124,1
DA:128,4
DA:129,2
DA:132,4
DA:133,4
DA:134,4
DA:135,4
DA:136,0
DA:139,4
DA:140,0
DA:143,4
DA:144,4
DA:145,4
DA:146,4
DA:147,2
DA:150,4
DA:153,4
DA:154,4
DA:155,17
DA:157,17
DA:160,4
DA:162,2
DA:163,2
DA:164,2
DA:166,2
DA:167,1
DA:168,1
DA:170,3
DA:173,1
DA:174,11
DA:175,11
DA:176,0
DA:178,11
DA:181,1
DA:182,1
DA:183,0
DA:186,1
DA:187,1
DA:190,1
DA:192,1
DA:194,1
DA:195,0
DA:197,1
DA:198,3
DA:199,3
DA:200,3
DA:201,3
DA:202,3
DA:204,1
DA:206,0
DA:207,0
DA:209,0
DA:211,1
DA:212,1
DA:214,1
DA:216,1
DA:219,1
DA:226,4
DA:227,4
DA:229,4
DA:230,1
DA:231,1
DA:234,3
DA:235,3
DA:236,3
DA:238,2
DA:239,2
DA:242,1
DA:245,1
DA:246,16
DA:251,1
DA:252,2
DA:258,1
DA:261,1
DA:263,1
DA:265,1
DA:267,1
DA:268,1
DA:269,1
DA:273,1
DA:274,1
DA:276,1
DA:278,1
DA:279,2
DA:280,2
DA:284,1
DA:287,3
DA:288,3
DA:289,2
DA:292,3
DA:295,3
DA:296,3
DA:297,2
DA:300,3
DA:303,3
DA:304,3
DA:305,2
DA:308,3
DA:313,1
DA:314,1
DA:315,1
DA:316,1
DA:317,1
DA:318,1
DA:319,1
DA:320,1
DA:327,1
DA:330,1
DA:331,1
DA:333,1
DA:334,1
DA:335,0
DA:338,1
DA:339,1
DA:340,1
DA:341,1
DA:343,1
DA:351,1
DA:354,1
DA:356,1
DA:357,11
DA:358,11
DA:359,11
DA:366,8
DA:368,8
DA:369,9
DA:372,8
DA:373,8
DA:376,11
DA:378,4
DA:379,4
DA:382,4
DA:385,4
DA:386,4
DA:389,4
DA:394,5
DA:395,5
DA:396,0
DA:398,5
DA:402,5
DA:405,5
DA:406,5
DA:407,0
DA:409,5
DA:413,5
DA:418,11
DA:419,11
DA:422,11
DA:423,11
DA:424,34
DA:425,34
DA:428,11
DA:429,11
DA:430,8
DA:433,0
DA:435,0
DA:436,0
DA:441,11
DA:443,11
DA:446,11
DA:447,11
DA:448,11
DA:450,11
DA:452,11
DA:453,8
DA:454,8
DA:456,8
DA:457,4
DA:458,0
DA:461,4
DA:463,4
DA:464,0
DA:467,4
DA:470,11
DA:471,7
DA:473,11
DA:474,2
DA:481,2
DA:483,1
DA:485,1
DA:486,1
DA:488,2
DA:491,1
DA:497,2
DA:499,11
DA:500,7
DA:502,7
DA:503,5
DA:504,5
DA:506,1
DA:510,2
DA:516,7
DA:518,11
DA:519,11
DA:526,11
DA:528,11
DA:529,11
DA:530,11
DA:532,11
DA:533,11
DA:535,11
DA:536,0
DA:539,11
DA:540,8
DA:549,11
DA:550,0
DA:552,0
DA:553,0
DA:554,0
DA:557,0
DA:560,11
DA:563,11
DA:567,1
DA:570,1
DA:571,7
DA:572,7
DA:574,7
DA:575,1
DA:577,1
DA:578,2
DA:579,2
DA:580,0
DA:582,2
DA:586,1
DA:588,1
DA:591,7
DA:592,7
DA:593,7
DA:595,7
DA:596,2
DA:597,2
DA:600,7
DA:601,1
DA:603,1
DA:604,1
DA:608,7
DA:611,7
DA:612,7
DA:614,7
DA:617,7
DA:618,0
DA:619,0
DA:623,0
DA:626,7
DA:627,7
DA:628,0
DA:631,7
DA:632,7
DA:633,0
DA:635,7
DA:636,7
DA:637,7
DA:640,0
DA:642,0
DA:645,7
DA:646,0
DA:647,0
DA:651,7
DA:652,0
DA:655,7
DA:656,0
DA:657,0
DA:660,0
DA:664,7
DA:665,2
DA:668,7
DA:669,1
DA:672,7
DA:676,7
DA:677,7
DA:681,7
DA:682,7
DA:683,7
DA:685,7
DA:686,0
DA:689,7
DA:691,7
DA:693,7
DA:696,7
DA:697,1
DA:700,7
DA:701,1
DA:704,7
DA:706,7
DA:721,1
DA:723,1
DA:725,2
DA:726,2
DA:728,2
DA:729,2
DA:732,2
DA:733,0
DA:734,0
DA:735,2
DA:736,0
DA:737,2
DA:739,0
DA:740,0
DA:741,0
DA:742,0
DA:745,2
DA:746,2
DA:747,0
DA:748,0
DA:750,0
DA:753,2
DA:756,2
DA:757,2
DA:761,2
DA:762,4
DA:765,2
DA:768,2
DA:769,2
DA:773,2
DA:774,4
DA:775,4
DA:776,0
DA:779,4
DA:780,0
DA:785,2
DA:786,2
DA:788,2
DA:795,1
DA:804,1
DA:806,1
DA:807,2
DA:808,2
DA:810,2
DA:811,0
DA:816,1
DA:817,0
DA:821,1
DA:827,1
DA:830,1
DA:835,10
DA:837,10
DA:840,10
DA:841,13
DA:842,1
DA:844,12
DA:845,2
DA:847,10
DA:848,2
DA:850,8
DA:851,3
DA:853,5
DA:854,1
DA:856,4
DA:857,1
DA:859,3
DA:860,1
DA:865,10
DA:866,2
DA:868,2
DA:869,12
DA:871,2
DA:874,2
DA:875,0
DA:882,10
DA:883,2
DA:885,2
DA:887,2
DA:888,2
DA:890,2
DA:891,2
DA:895,10
DA:897,10
DA:898,3
DA:899,3
DA:900,0
DA:903,3
DA:904,3
DA:908,10
DA:909,1
DA:913,10
DA:914,0
DA:916,0
DA:917,0
DA:918,0
DA:919,0
DA:920,0
DA:927,10
DA:929,1
DA:931,1
DA:932,1
DA:937,0
DA:939,0
DA:940,0
DA:941,0
DA:944,0
DA:949,10
DA:950,3
DA:959,10
DA:961,2
DA:962,2
DA:963,2
DA:964,1
DA:967,1
DA:968,0
DA:969,0
DA:970,0
DA:973,1
DA:976,1
DA:982,1
DA:983,1
DA:984,1
DA:988,10
DA:1004,13
DA:1005,2
DA:1006,2
DA:1007,2
DA:1013,2
DA:1014,2
DA:1016,2
DA:1017,2
DA:1018,0
DA:1019,0
DA:1022,2
DA:1027,1
DA:1028,1
DA:1030,0
DA:1040,1
DA:1047,11
DA:1049,11
DA:1051,11
DA:1052,422
DA:1058,10
DA:1113,1
DA:1119,1
DA:1125,1
DA:1128,1
DA:1132,1
DA:1133,1
DA:1135,1
DA:1136,13
DA:1138,13
DA:1140,13
DA:1141,13
DA:1146,0
DA:1150,1
DA:1151,104
DA:1154,1
DA:1155,1
DA:1156,1
DA:1157,1
DA:1158,0
DA:1160,1
DA:1162,1
DA:1163,0
DA:1167,1
DA:1170,1
DA:1171,13
DA:1174,13
DA:1179,13
DA:1180,15
DA:1181,13
DA:1182,13
DA:1186,13
DA:1189,1
DA:1191,0
DA:1194,1
DA:1196,0
DA:1197,0
DA:1200,1
DA:1201,0
DA:1202,0
DA:1206,1
DA:1207,23
DA:1209,23
DA:1210,23
DA:1214,23
DA:1215,21
DA:1218,2
DA:1222,1
DA:1223,26
DA:1224,26
DA:1225,26
DA:1226,26
DA:1228,26
DA:1230,26
DA:1233,26
DA:1235,26
DA:1236,4
DA:1237,4
DA:1238,4
DA:1241,26
DA:1246,1
DA:1247,7
DA:1249,7
DA:1250,7
DA:1252,7
DA:1253,1
DA:1256,7
DA:1257,1
DA:1258,1
DA:1259,1
DA:1262,7
DA:1263,7
DA:1266,7
DA:1270,1
DA:1271,4
DA:1272,4
DA:1274,4
DA:1275,1
DA:1276,1
DA:1277,1
DA:1280,4
DA:1281,4
DA:1284,4
DA:1285,4
DA:1289,1
DA:1290,5
DA:1291,5
DA:1293,5
DA:1294,2
DA:1296,2
DA:1297,2
DA:1302,1
DA:1303,13
DA:1304,13
DA:1305,13
DA:1308,13
DA:1311,13
DA:1312,5
DA:1313,5
DA:1315,5
DA:1317,5
DA:1320,5
DA:1322,5
DA:1324,5
DA:1325,5
DA:1333,1
DA:1334,13
DA:1335,13
DA:1336,13
DA:1339,13
DA:1342,13
DA:1343,7
DA:1347,13
DA:1351,13
DA:1353,13
DA:1354,2
DA:1355,0
DA:1356,0
DA:1357,0
DA:1360,2
DA:1364,1
DA:1365,7
DA:1367,7
DA:1368,2
DA:1369,1
DA:1370,1
DA:1375,7
DA:1376,0
DA:1379,7
DA:1382,1
DA:1385,1
DA:1386,23
DA:1387,23
DA:1388,23
DA:1389,23
DA:1391,23
DA:1392,21
DA:1393,5
DA:1394,5
DA:1395,5
DA:1398,21
DA:1401,7
DA:1402,7
DA:1404,14
DA:1406,10
DA:1407,4
DA:1410,4
DA:1411,4
DA:1414,2
DA:1415,1
DA:1416,1
DA:1417,1
DA:1421,1
DA:1429,6
DA:1430,6
DA:1433,6
DA:1442,6
DA:1444,6
DA:1445,1
DA:1446,1
DA:1447,1
DA:1450,6
DA:1452,6
DA:1461,3
DA:1462,3
DA:1465,3
DA:1474,3
DA:1476,3
DA:1477,1
DA:1478,1
DA:1479,1
DA:1482,3
DA:1483,2
DA:1486,3
DA:1496,4
DA:1497,4
DA:1499,4
DA:1507,4
DA:1508,1
DA:1509,1
DA:1510,1
DA:1514,4
DA:1517,4
DA:1518,3
DA:1521,4
DA:1539,1
DA:1542,1
DA:1543,2
DA:1544,2
DA:1550,2
DA:1552,2
DA:1558,1
DA:1561,1
DA:1563,1
DA:1565,1
DA:1568,1
DA:1572,1
DA:1573,2
DA:1574,2
DA:1575,2
DA:1577,2
DA:1578,2
DA:1582,2
DA:1583,2
DA:1584,1
DA:1586,1
DA:1587,1
DA:1588,1
DA:1593,1
DA:1610,1
DA:1613,1
DA:1614,3
DA:1616,3
DA:1617,3
DA:1618,3
DA:1624,3
DA:1626,3
DA:1629,3
DA:1630,3
DA:1631,3
DA:1634,3
DA:1635,1
DA:1637,1
DA:1638,1
DA:1642,1
DA:1643,1
DA:1644,0
DA:1645,1
DA:1646,1
DA:1651,3
DA:1652,3
DA:1654,3
DA:1656,3
DA:1657,2
DA:1658,2
DA:1660,1
DA:1664,3
DA:1666,1
DA:1674,1
DA:1677,1
DA:1678,1
DA:1684,1
DA:1687,1
DA:1689,0
DA:1691,0
DA:1693,0
DA:1694,0
DA:1696,0
DA:1699,0
DA:1701,0
DA:1702,0
DA:1703,0
DA:1704,0
DA:1705,0
DA:1706,0
DA:1707,0
DA:1709,0
DA:1710,0
DA:1715,0
DA:1716,0
DA:1717,0
DA:1720,0
DA:1830,0
DA:1831,0
DA:1832,0
DA:1834,0
DA:1835,0
DA:1838,0
DA:1839,0
DA:1840,0
DA:1841,0
DA:1842,0
DA:1847,0
DA:1850,0
DA:1852,0
DA:1853,0
DA:1855,0
DA:1856,0
DA:1857,0
DA:1860,0
DA:1861,0
DA:1862,0
DA:1866,1
DA:1880,1
DA:1881,5
DA:1884,5
DA:1885,4
DA:1888,5
DA:1889,4
DA:1890,1
DA:1891,1
DA:1894,5
DA:1895,2
DA:1898,3
DA:1899,0
DA:1903,3
DA:1904,3
DA:1905,3
DA:1906,3
DA:1916,3
DA:1917,3
DA:1918,10
DA:1919,10
DA:1923,3
DA:1924,3
DA:1926,3
DA:1931,1
DA:1934,1
DA:1935,1
DA:1936,6
DA:1938,6
DA:1939,0
DA:1941,6
DA:1942,6
DA:1943,0
DA:1946,6
DA:1948,6
DA:1953,6
DA:1956,6
DA:1957,6
DA:1958,0
DA:1961,6
DA:1964,6
DA:1965,6
DA:1966,6
DA:1967,0
DA:1968,0
DA:1969,0
DA:1971,0
DA:1976,6
DA:1978,1
DA:1980,3
DA:1981,2
DA:1984,1
DA:1985,0
DA:1988,1
DA:1989,0
DA:1992,1
DA:1999,1
DA:2000,0
DA:2003,1
DA:2006,1
DA:2009,1
DA:2012,1
DA:2013,1
DA:2015,1
DA:2016,1
DA:2019,1
DA:2020,1
DA:2021,1
DA:2023,0
DA:2025,0
DA:2030,1
DA:2031,3
DA:2032,3
DA:2036,3
DA:2037,3
DA:2038,3
DA:2042,0
DA:2043,0
DA:2044,0
DA:2048,0
DA:2049,0
DA:2051,3
DA:2054,1
DA:2055,1
DA:2058,1
DA:2061,1
DA:2062,1
DA:2064,1
DA:2065,3
DA:2066,3
DA:2067,3
DA:2070,3
DA:2072,3
DA:2073,0
DA:2076,3
DA:2077,3
DA:2079,3
DA:2081,3
DA:2082,0
DA:2083,0
DA:2084,0
DA:2088,0
DA:2092,0
DA:2095,3
DA:2097,3
DA:2098,3
DA:2099,2
DA:2100,2
DA:2101,2
DA:2103,3
DA:2104,2
DA:2105,2
DA:2106,2
DA:2107,2
DA:2114,1
DA:2124,1
DA:2126,1
DA:2129,1
DA:2131,1
DA:2132,5
DA:2133,3
DA:2135,2
DA:2138,1
DA:2139,1
DA:2142,1
DA:2143,1
DA:2145,1
DA:2146,2
DA:2149,1
LF:886
LH:735
BRDA:6,1,0,1
BRDA:6,1,1,1
BRDA:24,2,0,4
BRDA:24,2,1,4
BRDA:26,3,0,0
BRDA:26,3,1,4
BRDA:40,4,0,1
BRDA:40,4,1,0
BRDA:46,5,0,1
BRDA:46,5,1,0
BRDA:65,6,0,4
BRDA:65,6,1,1
BRDA:72,7,0,25
BRDA:72,7,1,8
BRDA:78,8,0,11
BRDA:78,8,1,0
BRDA:79,9,0,2
BRDA:79,9,1,9
BRDA:94,10,0,4
BRDA:94,10,1,10
BRDA:95,11,0,1
BRDA:95,11,1,3
BRDA:99,12,0,3
BRDA:99,12,1,11
BRDA:102,13,0,3
BRDA:102,13,1,0
BRDA:118,14,0,1
BRDA:118,14,1,77
BRDA:135,15,0,0
BRDA:135,15,1,4
BRDA:139,16,0,0
BRDA:139,16,1,4
BRDA:144,17,0,4
BRDA:144,17,1,0
BRDA:146,18,0,2
BRDA:146,18,1,2
BRDA:160,19,0,2
BRDA:160,19,1,2
BRDA:175,20,0,0
BRDA:175,20,1,11
BRDA:182,21,0,0
BRDA:182,21,1,1
BRDA:194,22,0,0
BRDA:194,22,1,1
BRDA:204,23,0,0
BRDA:204,23,1,1
BRDA:229,24,0,1
BRDA:229,24,1,3
BRDA:279,25,0,2
BRDA:279,25,1,0
BRDA:288,26,0,2
BRDA:288,26,1,1
BRDA:296,27,0,2
BRDA:296,27,1,1
BRDA:304,28,0,2
BRDA:304,28,1,1
BRDA:334,29,0,0
BRDA:334,29,1,1
BRDA:378,30,0,4
BRDA:378,30,1,0
BRDA:378,31,0,4
BRDA:378,31,1,4
BRDA:385,32,0,4
BRDA:385,32,1,0
BRDA:385,33,0,4
BRDA:385,33,1,4
BRDA:394,34,0,5
BRDA:394,34,1,0
BRDA:395,35,0,0
BRDA:395,35,1,5
BRDA:405,36,0,5
BRDA:405,36,1,0
BRDA:406,37,0,0
BRDA:406,37,1,5
BRDA:422,38,0,11
BRDA:422,38,1,10
BRDA:424,39,0,34
BRDA:424,39,1,0
BRDA:428,40,0,11
BRDA:428,40,1,0
BRDA:430,41,0,8
BRDA:430,41,1,2
BRDA:435,42,0,0
BRDA:435,42,1,0
BRDA:435,43,0,0
BRDA:435,43,1,0
BRDA:456,44,0,4
BRDA:456,44,1,4
BRDA:457,45,0,0
BRDA:457,45,1,4
BRDA:463,46,0,0
BRDA:463,46,1,4
BRDA:471,47,0,7
BRDA:471,47,1,3
BRDA:479,48,0,2
BRDA:479,48,1,1
BRDA:481,49,0,1
BRDA:481,49,1,1
BRDA:502,50,0,5
BRDA:502,50,1,2
BRDA:510,51,0,2
BRDA:510,51,1,1
BRDA:526,52,0,11
BRDA:526,52,1,10
BRDA:535,53,0,0
BRDA:535,53,1,11
BRDA:552,54,0,0
BRDA:552,54,1,0
BRDA:578,55,0,2
BRDA:578,55,1,0
BRDA:579,56,0,0
BRDA:579,56,1,2
BRDA:595,57,0,2
BRDA:595,57,1,5
BRDA:596,58,0,0
BRDA:596,58,1,2
BRDA:600,59,0,1
BRDA:600,59,1,6
BRDA:603,60,0,1
BRDA:603,60,1,0
BRDA:618,61,0,0
BRDA:618,61,1,0
BRDA:627,62,0,0
BRDA:627,62,1,7
BRDA:632,63,0,0
BRDA:632,63,1,7
BRDA:635,64,0,6
BRDA:635,64,1,1
BRDA:645,65,0,0
BRDA:645,65,1,7
BRDA:656,66,0,0
BRDA:656,66,1,0
BRDA:683,67,0,7
BRDA:683,67,1,7
BRDA:685,68,0,0
BRDA:685,68,1,7
BRDA:732,69,0,0
BRDA:732,69,1,2
BRDA:734,70,0,0
BRDA:734,70,1,0
BRDA:735,71,0,0
BRDA:735,71,1,2
BRDA:737,72,0,0
BRDA:737,72,1,2
BRDA:737,73,0,2
BRDA:737,73,1,2
BRDA:737,73,2,2
BRDA:737,73,3,2
BRDA:740,74,0,0
BRDA:740,74,1,0
BRDA:745,75,0,2
BRDA:745,75,1,0
BRDA:747,76,0,0
BRDA:747,76,1,0
BRDA:775,77,0,0
BRDA:775,77,1,4
BRDA:779,78,0,0
BRDA:779,78,1,4
BRDA:807,79,0,2
BRDA:807,79,1,0
BRDA:810,80,0,0
BRDA:810,80,1,2
BRDA:816,81,0,0
BRDA:816,81,1,1
BRDA:841,82,0,1
BRDA:841,82,1,12
BRDA:841,83,0,13
BRDA:841,83,1,12
BRDA:844,84,0,2
BRDA:844,84,1,10
BRDA:844,85,0,12
BRDA:844,85,1,11
BRDA:847,86,0,2
BRDA:847,86,1,8
BRDA:847,87,0,10
BRDA:847,87,1,9
BRDA:850,88,0,3
BRDA:850,88,1,5
BRDA:850,89,0,8
BRDA:850,89,1,7
BRDA:850,89,2,6
BRDA:853,90,0,1
BRDA:853,90,1,4
BRDA:853,91,0,5
BRDA:853,91,1,1
BRDA:856,92,0,1
BRDA:856,92,1,3
BRDA:856,93,0,4
BRDA:856,93,1,1
BRDA:859,94,0,1
BRDA:859,94,1,2
BRDA:859,95,0,3
BRDA:859,95,1,2
BRDA:868,96,0,14
BRDA:868,96,1,14
BRDA:869,97,0,2
BRDA:869,97,1,10
BRDA:869,98,0,12
BRDA:869,98,1,12
BRDA:874,99,0,0
BRDA:874,99,1,2
BRDA:887,100,0,2
BRDA:887,100,1,0
BRDA:890,101,0,2
BRDA:890,101,1,0
BRDA:899,102,0,0
BRDA:899,102,1,3
BRDA:917,103,0,0
BRDA:917,103,1,0
BRDA:919,104,0,0
BRDA:919,104,1,0
BRDA:963,105,0,1
BRDA:963,105,1,1
BRDA:967,106,0,0
BRDA:967,106,1,1
BRDA:1013,107,0,2
BRDA:1013,107,1,0
BRDA:1014,108,0,2
BRDA:1014,108,1,2
BRDA:1017,109,0,0
BRDA:1017,109,1,2
BRDA:1151,110,0,104
BRDA:1151,110,1,0
BRDA:1151,110,2,0
BRDA:1157,111,0,0
BRDA:1157,111,1,1
BRDA:1162,112,0,0
BRDA:1162,112,1,1
BRDA:1180,113,0,13
BRDA:1180,113,1,2
BRDA:1214,114,0,21
BRDA:1214,114,1,2
BRDA:1214,115,0,23
BRDA:1214,115,1,21
BRDA:1214,115,2,21
BRDA:1214,115,3,21
BRDA:1228,116,0,26
BRDA:1228,116,1,0
BRDA:1228,117,0,26
BRDA:1228,117,1,26
BRDA:1235,118,0,4
BRDA:1235,118,1,22
BRDA:1252,119,0,1
BRDA:1252,119,1,6
BRDA:1256,120,0,1
BRDA:1256,120,1,6
BRDA:1274,121,0,1
BRDA:1274,121,1,3
BRDA:1280,122,0,4
BRDA:1280,122,1,0
BRDA:1284,123,0,4
BRDA:1284,123,1,0
BRDA:1293,124,0,2
BRDA:1293,124,1,3
BRDA:1308,125,0,13
BRDA:1308,125,1,4
BRDA:1312,126,0,5
BRDA:1312,126,1,0
BRDA:1312,127,0,5
BRDA:1312,127,1,5
BRDA:1315,128,0,5
BRDA:1315,128,1,0
BRDA:1342,129,0,7
BRDA:1342,129,1,6
BRDA:1353,130,0,2
BRDA:1353,130,1,11
BRDA:1353,131,0,13
BRDA:1353,131,1,2
BRDA:1354,132,0,0
BRDA:1354,132,1,2
BRDA:1367,133,0,2
BRDA:1367,133,1,5
BRDA:1369,134,0,1
BRDA:1369,134,1,0
BRDA:1375,135,0,0
BRDA:1375,135,1,7
BRDA:1391,136,0,21
BRDA:1391,136,1,2
BRDA:1392,137,0,5
BRDA:1392,137,1,16
BRDA:1398,138,0,7
BRDA:1398,138,1,14
BRDA:1401,139,0,7
BRDA:1401,139,1,0
BRDA:1404,140,0,10
BRDA:1404,140,1,4
BRDA:1407,141,0,4
BRDA:1407,141,1,0
BRDA:1410,142,0,4
BRDA:1410,142,1,0
BRDA:1414,143,0,1
BRDA:1414,143,1,1
BRDA:1444,144,0,1
BRDA:1444,144,1,5
BRDA:1476,145,0,1
BRDA:1476,145,1,2
BRDA:1482,146,0,2
BRDA:1482,146,1,1
BRDA:1507,147,0,1
BRDA:1507,147,1,3
BRDA:1543,148,0,2
BRDA:1543,148,1,1
BRDA:1582,149,0,2
BRDA:1582,149,1,0
BRDA:1582,150,0,2
BRDA:1582,150,1,2
BRDA:1582,150,2,2
BRDA:1582,150,3,2
BRDA:1583,151,0,1
BRDA:1583,151,1,1
BRDA:1586,152,0,1
BRDA:1586,152,1,0
BRDA:1642,153,0,1
BRDA:1642,153,1,0
BRDA:1642,154,0,1
BRDA:1642,154,1,1
BRDA:1642,154,2,1
BRDA:1643,155,0,0
BRDA:1643,155,1,1
BRDA:1643,156,0,1
BRDA:1643,156,1,1
BRDA:1645,157,0,1
BRDA:1645,157,1,0
BRDA:1656,158,0,2
BRDA:1656,158,1,1
BRDA:1657,159,0,0
BRDA:1657,159,1,2
BRDA:1689,160,0,0
BRDA:1689,160,1,0
BRDA:1693,161,0,0
BRDA:1693,161,1,0
BRDA:1694,162,0,0
BRDA:1694,162,1,0
BRDA:1694,162,2,0
BRDA:1696,163,0,0
BRDA:1696,163,1,0
BRDA:1704,164,0,0
BRDA:1704,164,1,0
BRDA:1705,165,0,0
BRDA:1705,165,1,0
BRDA:1706,166,0,0
BRDA:1706,166,1,0
BRDA:1709,167,0,0
BRDA:1709,167,1,0
BRDA:1716,168,0,0
BRDA:1716,168,1,0
BRDA:1834,169,0,0
BRDA:1834,169,1,0
BRDA:1839,170,0,0
BRDA:1839,170,1,0
BRDA:1840,171,0,0
BRDA:1840,171,1,0
BRDA:1840,172,0,0
BRDA:1840,172,1,0
BRDA:1852,173,0,0
BRDA:1852,173,1,0
BRDA:1885,174,0,4
BRDA:1885,174,1,4
BRDA:1885,174,2,4
BRDA:1885,174,3,4
BRDA:1888,175,0,4
BRDA:1888,175,1,1
BRDA:1888,176,0,5
BRDA:1888,176,1,1
BRDA:1890,177,0,1
BRDA:1890,177,1,0
BRDA:1894,178,0,2
BRDA:1894,178,1,3
BRDA:1894,179,0,5
BRDA:1894,179,1,4
BRDA:1898,180,0,0
BRDA:1898,180,1,3
BRDA:1903,181,0,3
BRDA:1903,181,1,2
BRDA:1918,182,0,10
BRDA:1918,182,1,0
BRDA:1938,183,0,0
BRDA:1938,183,1,6
BRDA:1942,184,0,0
BRDA:1942,184,1,6
BRDA:1946,185,0,6
BRDA:1946,185,1,0
BRDA:1957,186,0,0
BRDA:1957,186,1,6
BRDA:1966,187,0,0
BRDA:1966,187,1,6
BRDA:1969,188,0,0
BRDA:1969,188,1,0
BRDA:1969,189,0,0
BRDA:1969,189,1,0
BRDA:1969,189,2,0
BRDA:1969,189,3,0
BRDA:1980,190,0,2
BRDA:1980,190,1,1
BRDA:1984,191,0,0
BRDA:1984,191,1,1
BRDA:1984,192,0,1
BRDA:1984,192,1,1
BRDA:1984,192,2,1
BRDA:1988,193,0,0
BRDA:1988,193,1,1
BRDA:1999,194,0,0
BRDA:1999,194,1,1
BRDA:2020,195,0,1
BRDA:2020,195,1,0
BRDA:2036,196,0,3
BRDA:2036,196,1,0
BRDA:2042,197,0,0
BRDA:2042,197,1,0
BRDA:2042,198,0,0
BRDA:2042,198,1,0
BRDA:2072,199,0,3
BRDA:2072,199,1,0
BRDA:2072,199,2,0
BRDA:2081,200,0,0
BRDA:2081,200,1,3
BRDA:2082,201,0,0
BRDA:2082,201,1,0
BRDA:2084,202,0,0
BRDA:2084,202,1,0
BRDA:2098,203,0,2
BRDA:2098,203,1,1
BRDA:2098,204,0,3
BRDA:2098,204,1,1
BRDA:2103,205,0,2
BRDA:2103,205,1,1
BRDA:2104,206,0,2
BRDA:2104,206,1,0
BRDA:2132,207,0,3
BRDA:2132,207,1,2
BRF:430
BRH:280
end_of_record
