TN:
SF:dist\appsngen.container.api.js
FN:1,(anonymous_1)
FN:3,(anonymous_2)
FN:12,(anonymous_3)
FN:15,(anonymous_4)
FN:22,(anonymous_5)
FN:32,(anonymous_6)
FN:47,(anonymous_7)
FN:50,(anonymous_8)
FN:53,(anonymous_9)
FN:56,(anonymous_10)
FN:61,(anonymous_11)
FN:64,(anonymous_12)
FN:71,(anonymous_13)
FN:74,(anonymous_14)
FN:90,(anonymous_15)
FN:110,(anonymous_16)
FN:116,(anonymous_17)
FN:124,(anonymous_18)
FN:173,(anonymous_19)
FN:181,(anonymous_20)
FN:225,(anonymous_21)
FN:244,(anonymous_22)
FN:245,(anonymous_23)
FN:251,(anonymous_24)
FN:264,(anonymous_25)
FN:270,(anonymous_26)
FN:286,(anonymous_27)
FN:301,(anonymous_28)
FN:305,(anonymous_29)
FN:321,(anonymous_30)
FN:340,(anonymous_31)
FN:345,(anonymous_32)
FN:351,(anonymous_33)
FN:357,(anonymous_34)
FN:373,(anonymous_35)
FN:397,(anonymous_36)
FN:421,(anonymous_37)
FN:440,(anonymous_38)
FN:453,(anonymous_39)
FN:484,(anonymous_40)
FN:515,(anonymous_41)
FN:536,(anonymous_42)
FN:579,(anonymous_43)
FN:611,(anonymous_44)
FN:646,(anonymous_45)
FN:668,(anonymous_46)
FN:690,(anonymous_47)
FN:693,(anonymous_48)
FN:697,(anonymous_49)
FN:716,(anonymous_50)
FN:719,(anonymous_51)
FN:720,(anonymous_52)
FN:738,(anonymous_53)
FN:754,(anonymous_54)
FN:760,(anonymous_55)
FN:763,(anonymous_56)
FN:768,(anonymous_57)
FN:795,(anonymous_58)
FN:809,(anonymous_59)
FN:813,(anonymous_60)
FN:860,(anonymous_61)
FN:864,(anonymous_62)
FN:907,(anonymous_63)
FN:938,(anonymous_64)
FNF:64
FNH:53
FNDA:1,(anonymous_1)
FNDA:0,(anonymous_2)
FNDA:2,(anonymous_3)
FNDA:1,(anonymous_4)
FNDA:0,(anonymous_5)
FNDA:18,(anonymous_6)
FNDA:0,(anonymous_7)
FNDA:0,(anonymous_8)
FNDA:0,(anonymous_9)
FNDA:0,(anonymous_10)
FNDA:1,(anonymous_11)
FNDA:6,(anonymous_12)
FNDA:6,(anonymous_13)
FNDA:2,(anonymous_14)
FNDA:2,(anonymous_15)
FNDA:1,(anonymous_16)
FNDA:78,(anonymous_17)
FNDA:4,(anonymous_18)
FNDA:11,(anonymous_19)
FNDA:1,(anonymous_20)
FNDA:4,(anonymous_21)
FNDA:1,(anonymous_22)
FNDA:16,(anonymous_23)
FNDA:2,(anonymous_24)
FNDA:1,(anonymous_25)
FNDA:1,(anonymous_26)
FNDA:13,(anonymous_27)
FNDA:104,(anonymous_28)
FNDA:1,(anonymous_29)
FNDA:13,(anonymous_30)
FNDA:0,(anonymous_31)
FNDA:0,(anonymous_32)
FNDA:0,(anonymous_33)
FNDA:23,(anonymous_34)
FNDA:26,(anonymous_35)
FNDA:7,(anonymous_36)
FNDA:4,(anonymous_37)
FNDA:5,(anonymous_38)
FNDA:13,(anonymous_39)
FNDA:13,(anonymous_40)
FNDA:7,(anonymous_41)
FNDA:23,(anonymous_42)
FNDA:6,(anonymous_43)
FNDA:3,(anonymous_44)
FNDA:4,(anonymous_45)
FNDA:3,(anonymous_46)
FNDA:1,(anonymous_47)
FNDA:1,(anonymous_48)
FNDA:1,(anonymous_49)
FNDA:1,(anonymous_50)
FNDA:0,(anonymous_51)
FNDA:0,(anonymous_52)
FNDA:2,(anonymous_53)
FNDA:1,(anonymous_54)
FNDA:1,(anonymous_55)
FNDA:1,(anonymous_56)
FNDA:2,(anonymous_57)
FNDA:1,(anonymous_58)
FNDA:5,(anonymous_59)
FNDA:4,(anonymous_60)
FNDA:1,(anonymous_61)
FNDA:6,(anonymous_62)
FNDA:3,(anonymous_63)
FNDA:1,(anonymous_64)
DA:1,1
DA:3,1
DA:9,1
DA:13,2
DA:16,1
DA:18,1
DA:19,2
DA:24,0
DA:26,0
DA:27,0
DA:30,0
DA:33,18
DA:35,18
DA:36,46
DA:38,18
DA:48,0
DA:51,0
DA:54,0
DA:57,0
DA:62,1
DA:65,6
DA:66,5
DA:68,1
DA:72,6
DA:75,2
DA:77,2
DA:78,5
DA:79,5
DA:80,1
DA:82,4
DA:86,2
DA:88,2
DA:91,2
DA:92,2
DA:94,2
DA:95,2
DA:96,2
DA:99,2
DA:100,1
DA:102,1
DA:103,1
DA:107,2
DA:112,1
DA:114,1
DA:116,1
DA:117,78
DA:118,78
DA:119,1
DA:121,77
DA:124,1
DA:128,4
DA:129,2
DA:132,4
DA:133,4
DA:134,4
DA:135,4
DA:136,0
DA:139,4
DA:140,0
DA:143,4
DA:144,4
DA:145,4
DA:146,4
DA:147,2
DA:150,4
DA:153,4
DA:154,4
DA:155,17
DA:157,17
DA:160,4
DA:162,2
DA:163,2
DA:164,2
DA:166,2
DA:167,1
DA:168,1
DA:170,3
DA:173,1
DA:174,11
DA:175,11
DA:176,0
DA:178,11
DA:181,1
DA:182,1
DA:183,0
DA:186,1
DA:187,1
DA:190,1
DA:192,1
DA:194,1
DA:195,0
DA:197,1
DA:198,3
DA:199,3
DA:200,3
DA:201,3
DA:202,3
DA:204,1
DA:206,0
DA:207,0
DA:209,0
DA:211,1
DA:212,1
DA:214,1
DA:216,1
DA:219,1
DA:226,4
DA:227,4
DA:229,4
DA:230,1
DA:231,1
DA:234,3
DA:235,3
DA:236,3
DA:238,2
DA:239,2
DA:242,1
DA:245,1
DA:246,16
DA:251,1
DA:252,2
DA:258,1
DA:264,1
DA:270,1
DA:276,1
DA:279,1
DA:283,1
DA:284,1
DA:286,1
DA:287,13
DA:289,13
DA:291,13
DA:292,13
DA:297,0
DA:301,1
DA:302,104
DA:305,1
DA:306,1
DA:307,1
DA:308,1
DA:309,0
DA:311,1
DA:313,1
DA:314,0
DA:318,1
DA:321,1
DA:322,13
DA:325,13
DA:330,13
DA:331,15
DA:332,13
DA:333,13
DA:337,13
DA:340,1
DA:342,0
DA:345,1
DA:347,0
DA:348,0
DA:351,1
DA:352,0
DA:353,0
DA:357,1
DA:358,23
DA:360,23
DA:361,23
DA:365,23
DA:366,21
DA:369,2
DA:373,1
DA:374,26
DA:375,26
DA:376,26
DA:377,26
DA:379,26
DA:381,26
DA:384,26
DA:386,26
DA:387,4
DA:388,4
DA:389,4
DA:392,26
DA:397,1
DA:398,7
DA:400,7
DA:401,7
DA:403,7
DA:404,1
DA:407,7
DA:408,1
DA:409,1
DA:410,1
DA:413,7
DA:414,7
DA:417,7
DA:421,1
DA:422,4
DA:423,4
DA:425,4
DA:426,1
DA:427,1
DA:428,1
DA:431,4
DA:432,4
DA:435,4
DA:436,4
DA:440,1
DA:441,5
DA:442,5
DA:444,5
DA:445,2
DA:447,2
DA:448,2
DA:453,1
DA:454,13
DA:455,13
DA:456,13
DA:459,13
DA:462,13
DA:463,5
DA:464,5
DA:466,5
DA:468,5
DA:471,5
DA:473,5
DA:475,5
DA:476,5
DA:484,1
DA:485,13
DA:486,13
DA:487,13
DA:490,13
DA:493,13
DA:494,7
DA:498,13
DA:502,13
DA:504,13
DA:505,2
DA:506,0
DA:507,0
DA:508,0
DA:511,2
DA:515,1
DA:516,7
DA:518,7
DA:519,2
DA:520,1
DA:521,1
DA:526,7
DA:527,0
DA:530,7
DA:533,1
DA:536,1
DA:537,23
DA:538,23
DA:539,23
DA:540,23
DA:542,23
DA:543,21
DA:544,5
DA:545,5
DA:546,5
DA:549,21
DA:552,7
DA:553,7
DA:555,14
DA:557,10
DA:558,4
DA:561,4
DA:562,4
DA:565,2
DA:566,1
DA:567,1
DA:568,1
DA:572,1
DA:580,6
DA:581,6
DA:584,6
DA:593,6
DA:595,6
DA:596,1
DA:597,1
DA:598,1
DA:601,6
DA:603,6
DA:612,3
DA:613,3
DA:616,3
DA:625,3
DA:627,3
DA:628,1
DA:629,1
DA:630,1
DA:633,3
DA:634,2
DA:637,3
DA:647,4
DA:648,4
DA:650,4
DA:658,4
DA:659,1
DA:660,1
DA:661,1
DA:665,4
DA:668,4
DA:669,3
DA:672,4
DA:690,1
DA:693,1
DA:694,1
DA:697,1
DA:698,1
DA:700,1
DA:701,1
DA:705,1
DA:706,1
DA:707,1
DA:711,1
DA:717,1
DA:718,1
DA:719,1
DA:720,0
DA:721,0
DA:726,1
DA:727,0
DA:728,0
DA:739,2
DA:741,2
DA:742,0
DA:745,2
DA:754,1
DA:757,1
DA:759,1
DA:761,1
DA:764,1
DA:768,1
DA:769,2
DA:770,2
DA:771,2
DA:773,2
DA:774,2
DA:778,2
DA:779,2
DA:780,1
DA:782,1
DA:783,1
DA:784,1
DA:789,1
DA:795,1
DA:809,1
DA:810,5
DA:813,5
DA:814,4
DA:817,5
DA:818,4
DA:819,1
DA:820,1
DA:823,5
DA:824,2
DA:827,3
DA:828,0
DA:832,3
DA:833,3
DA:834,3
DA:835,3
DA:845,3
DA:846,3
DA:847,10
DA:848,10
DA:852,3
DA:853,3
DA:855,3
DA:860,1
DA:863,1
DA:864,1
DA:865,6
DA:867,6
DA:868,0
DA:870,6
DA:871,6
DA:872,0
DA:875,6
DA:877,6
DA:882,6
DA:885,6
DA:886,6
DA:887,0
DA:890,6
DA:893,6
DA:894,6
DA:895,6
DA:896,0
DA:897,0
DA:898,0
DA:900,0
DA:905,6
DA:907,1
DA:909,3
DA:910,2
DA:913,1
DA:914,0
DA:917,1
DA:918,0
DA:921,1
DA:928,1
DA:929,0
DA:932,1
DA:935,1
DA:938,1
DA:940,1
DA:942,1
DA:943,0
LF:411
LH:366
BRDA:6,1,0,1
BRDA:6,1,1,1
BRDA:24,2,0,0
BRDA:24,2,1,0
BRDA:26,3,0,0
BRDA:26,3,1,0
BRDA:40,4,0,1
BRDA:40,4,1,0
BRDA:46,5,0,1
BRDA:46,5,1,0
BRDA:65,6,0,5
BRDA:65,6,1,1
BRDA:72,7,0,6
BRDA:72,7,1,5
BRDA:78,8,0,5
BRDA:78,8,1,0
BRDA:79,9,0,1
BRDA:79,9,1,4
BRDA:94,10,0,2
BRDA:94,10,1,0
BRDA:95,11,0,0
BRDA:95,11,1,2
BRDA:99,12,0,1
BRDA:99,12,1,1
BRDA:102,13,0,1
BRDA:102,13,1,0
BRDA:118,14,0,1
BRDA:118,14,1,77
BRDA:135,15,0,0
BRDA:135,15,1,4
BRDA:139,16,0,0
BRDA:139,16,1,4
BRDA:144,17,0,4
BRDA:144,17,1,0
BRDA:146,18,0,2
BRDA:146,18,1,2
BRDA:160,19,0,2
BRDA:160,19,1,2
BRDA:175,20,0,0
BRDA:175,20,1,11
BRDA:182,21,0,0
BRDA:182,21,1,1
BRDA:194,22,0,0
BRDA:194,22,1,1
BRDA:204,23,0,0
BRDA:204,23,1,1
BRDA:229,24,0,1
BRDA:229,24,1,3
BRDA:302,25,0,104
BRDA:302,25,1,0
BRDA:302,25,2,0
BRDA:308,26,0,0
BRDA:308,26,1,1
BRDA:313,27,0,0
BRDA:313,27,1,1
BRDA:331,28,0,13
BRDA:331,28,1,2
BRDA:365,29,0,21
BRDA:365,29,1,2
BRDA:365,30,0,23
BRDA:365,30,1,21
BRDA:365,30,2,21
BRDA:365,30,3,21
BRDA:379,31,0,26
BRDA:379,31,1,0
BRDA:379,32,0,26
BRDA:379,32,1,26
BRDA:386,33,0,4
BRDA:386,33,1,22
BRDA:403,34,0,1
BRDA:403,34,1,6
BRDA:407,35,0,1
BRDA:407,35,1,6
BRDA:425,36,0,1
BRDA:425,36,1,3
BRDA:431,37,0,4
BRDA:431,37,1,0
BRDA:435,38,0,4
BRDA:435,38,1,0
BRDA:444,39,0,2
BRDA:444,39,1,3
BRDA:459,40,0,13
BRDA:459,40,1,4
BRDA:463,41,0,5
BRDA:463,41,1,0
BRDA:463,42,0,5
BRDA:463,42,1,5
BRDA:466,43,0,5
BRDA:466,43,1,0
BRDA:493,44,0,7
BRDA:493,44,1,6
BRDA:504,45,0,2
BRDA:504,45,1,11
BRDA:504,46,0,13
BRDA:504,46,1,2
BRDA:505,47,0,0
BRDA:505,47,1,2
BRDA:518,48,0,2
BRDA:518,48,1,5
BRDA:520,49,0,1
BRDA:520,49,1,0
BRDA:526,50,0,0
BRDA:526,50,1,7
BRDA:542,51,0,21
BRDA:542,51,1,2
BRDA:543,52,0,5
BRDA:543,52,1,16
BRDA:549,53,0,7
BRDA:549,53,1,14
BRDA:552,54,0,7
BRDA:552,54,1,0
BRDA:555,55,0,10
BRDA:555,55,1,4
BRDA:558,56,0,4
BRDA:558,56,1,0
BRDA:561,57,0,4
BRDA:561,57,1,0
BRDA:565,58,0,1
BRDA:565,58,1,1
BRDA:595,59,0,1
BRDA:595,59,1,5
BRDA:627,60,0,1
BRDA:627,60,1,2
BRDA:633,61,0,2
BRDA:633,61,1,1
BRDA:658,62,0,1
BRDA:658,62,1,3
BRDA:705,63,0,1
BRDA:705,63,1,0
BRDA:705,64,0,1
BRDA:705,64,1,1
BRDA:705,64,2,1
BRDA:705,64,3,1
BRDA:727,65,0,0
BRDA:727,65,1,0
BRDA:739,66,0,1
BRDA:739,66,1,1
BRDA:741,67,0,0
BRDA:741,67,1,2
BRDA:778,68,0,2
BRDA:778,68,1,0
BRDA:778,69,0,2
BRDA:778,69,1,2
BRDA:778,69,2,2
BRDA:778,69,3,2
BRDA:779,70,0,1
BRDA:779,70,1,1
BRDA:782,71,0,1
BRDA:782,71,1,0
BRDA:814,72,0,4
BRDA:814,72,1,4
BRDA:814,72,2,4
BRDA:814,72,3,4
BRDA:817,73,0,4
BRDA:817,73,1,1
BRDA:817,74,0,5
BRDA:817,74,1,1
BRDA:819,75,0,1
BRDA:819,75,1,0
BRDA:823,76,0,2
BRDA:823,76,1,3
BRDA:823,77,0,5
BRDA:823,77,1,4
BRDA:827,78,0,0
BRDA:827,78,1,3
BRDA:832,79,0,3
BRDA:832,79,1,2
BRDA:847,80,0,10
BRDA:847,80,1,0
BRDA:867,81,0,0
BRDA:867,81,1,6
BRDA:871,82,0,0
BRDA:871,82,1,6
BRDA:875,83,0,6
BRDA:875,83,1,0
BRDA:886,84,0,0
BRDA:886,84,1,6
BRDA:895,85,0,0
BRDA:895,85,1,6
BRDA:898,86,0,0
BRDA:898,86,1,0
BRDA:898,87,0,0
BRDA:898,87,1,0
BRDA:898,87,2,0
BRDA:898,87,3,0
BRDA:909,88,0,2
BRDA:909,88,1,1
BRDA:913,89,0,0
BRDA:913,89,1,1
BRDA:913,90,0,1
BRDA:913,90,1,1
BRDA:913,90,2,1
BRDA:917,91,0,0
BRDA:917,91,1,1
BRDA:928,92,0,0
BRDA:928,92,1,1
BRDA:942,93,0,0
BRDA:942,93,1,1
BRDA:942,94,0,1
BRDA:942,94,1,1
BRF:200
BRH:144
end_of_record
